<?xml version="1.0" encoding="UTF-8" ?>
<testsuite tests="99" failures="0" name="TennisTest" time="0.015" errors="0" skipped="0">
  <properties>
[...]
</properties>
  <testcase classname="TennisTest" name="checkAllScoresTennisGame1[0]" time="0.003"/>
  <testcase classname="TennisTest" name="checkAllScoresTennisGame2[0]" time="0"/>
  <testcase classname="TennisTest" name="checkAllScoresTennisGame3[0]" time="0.001"/>
  <testcase classname="TennisTest" name="checkAllScoresTennisGame1[1]" time="0"/>
  <testcase classname="TennisTest" name="checkAllScoresTennisGame2[1]" time="0"/>
  <testcase classname="TennisTest" name="checkAllScoresTennisGame3[1]" time="0"/>
  <testcase classname="TennisTest" name="checkAllScoresTennisGame1[2]" time="0.001"/>
  <testcase classname="TennisTest" name="checkAllScoresTennisGame2[2]" time="0"/>
  <testcase classname="TennisTest" name="checkAllScoresTennisGame3[2]" time="0"/>
  <testcase classname="TennisTest" name="checkAllScoresTennisGame1[3]" time="0"/>
  <testcase classname="TennisTest" name="checkAllScoresTennisGame2[3]" time="0"/>
  <testcase classname="TennisTest" name="checkAllScoresTennisGame3[3]" time="0"/>
  <testcase classname="TennisTest" name="checkAllScoresTennisGame1[4]" time="0.001"/>
  <testcase classname="TennisTest" name="checkAllScoresTennisGame2[4]" time="0.001"/>
  <testcase classname="TennisTest" name="checkAllScoresTennisGame3[4]" time="0"/>
  <testcase classname="TennisTest" name="checkAllScoresTennisGame1[5]" time="0"/>
  <testcase classname="TennisTest" name="checkAllScoresTennisGame2[5]" time="0"/>
  <testcase classname="TennisTest" name="checkAllScoresTennisGame3[5]" time="0"/>
  <testcase classname="TennisTest" name="checkAllScoresTennisGame1[6]" time="0"/>
  <testcase classname="TennisTest" name="checkAllScoresTennisGame2[6]" time="0"/>
  <testcase classname="TennisTest" name="checkAllScoresTennisGame3[6]" time="0"/>
  <testcase classname="TennisTest" name="checkAllScoresTennisGame1[7]" time="0"/>
  <testcase classname="TennisTest" name="checkAllScoresTennisGame2[7]" time="0"/>
  <testcase classname="TennisTest" name="checkAllScoresTennisGame3[7]" time="0"/>
  <testcase classname="TennisTest" name="checkAllScoresTennisGame1[8]" time="0"/>
  <testcase classname="TennisTest" name="checkAllScoresTennisGame2[8]" time="0"/>
  <testcase classname="TennisTest" name="checkAllScoresTennisGame3[8]" time="0"/>
  <testcase classname="TennisTest" name="checkAllScoresTennisGame1[9]" time="0.001"/>
  <testcase classname="TennisTest" name="checkAllScoresTennisGame2[9]" time="0"/>
  <testcase classname="TennisTest" name="checkAllScoresTennisGame3[9]" time="0"/>
  <testcase classname="TennisTest" name="checkAllScoresTennisGame1[10]" time="0"/>
  <testcase classname="TennisTest" name="checkAllScoresTennisGame2[10]" time="0"/>
  <testcase classname="TennisTest" name="checkAllScoresTennisGame3[10]" time="0"/>
  <testcase classname="TennisTest" name="checkAllScoresTennisGame1[11]" time="0"/>
  <testcase classname="TennisTest" name="checkAllScoresTennisGame2[11]" time="0"/>
  <testcase classname="TennisTest" name="checkAllScoresTennisGame3[11]" time="0"/>
  <testcase classname="TennisTest" name="checkAllScoresTennisGame1[12]" time="0"/>
  <testcase classname="TennisTest" name="checkAllScoresTennisGame2[12]" time="0.001"/>
  <testcase classname="TennisTest" name="checkAllScoresTennisGame3[12]" time="0"/>
  <testcase classname="TennisTest" name="checkAllScoresTennisGame1[13]" time="0"/>
  <testcase classname="TennisTest" name="checkAllScoresTennisGame2[13]" time="0"/>
  <testcase classname="TennisTest" name="checkAllScoresTennisGame3[13]" time="0"/>
  <testcase classname="TennisTest" name="checkAllScoresTennisGame1[14]" time="0"/>
  <testcase classname="TennisTest" name="checkAllScoresTennisGame2[14]" time="0"/>
  <testcase classname="TennisTest" name="checkAllScoresTennisGame3[14]" time="0"/>
  <testcase classname="TennisTest" name="checkAllScoresTennisGame1[15]" time="0"/>
  <testcase classname="TennisTest" name="checkAllScoresTennisGame2[15]" time="0.001"/>
  <testcase classname="TennisTest" name="checkAllScoresTennisGame3[15]" time="0.002"/>
  <testcase classname="TennisTest" name="checkAllScoresTennisGame1[16]" time="0"/>
  <testcase classname="TennisTest" name="checkAllScoresTennisGame2[16]" time="0"/>
  <testcase classname="TennisTest" name="checkAllScoresTennisGame3[16]" time="0"/>
  <testcase classname="TennisTest" name="checkAllScoresTennisGame1[17]" time="0"/>
  <testcase classname="TennisTest" name="checkAllScoresTennisGame2[17]" time="0"/>
  <testcase classname="TennisTest" name="checkAllScoresTennisGame3[17]" time="0.001"/>
  <testcase classname="TennisTest" name="checkAllScoresTennisGame1[18]" time="0"/>
  <testcase classname="TennisTest" name="checkAllScoresTennisGame2[18]" time="0"/>
  <testcase classname="TennisTest" name="checkAllScoresTennisGame3[18]" time="0"/>
  <testcase classname="TennisTest" name="checkAllScoresTennisGame1[19]" time="0"/>
  <testcase classname="TennisTest" name="checkAllScoresTennisGame2[19]" time="0"/>
  <testcase classname="TennisTest" name="checkAllScoresTennisGame3[19]" time="0"/>
  <testcase classname="TennisTest" name="checkAllScoresTennisGame1[20]" time="0"/>
  <testcase classname="TennisTest" name="checkAllScoresTennisGame2[20]" time="0"/>
  <testcase classname="TennisTest" name="checkAllScoresTennisGame3[20]" time="0"/>
  <testcase classname="TennisTest" name="checkAllScoresTennisGame1[21]" time="0"/>
  <testcase classname="TennisTest" name="checkAllScoresTennisGame2[21]" time="0"/>
  <testcase classname="TennisTest" name="checkAllScoresTennisGame3[21]" time="0"/>
  <testcase classname="TennisTest" name="checkAllScoresTennisGame1[22]" time="0"/>
  <testcase classname="TennisTest" name="checkAllScoresTennisGame2[22]" time="0"/>
  <testcase classname="TennisTest" name="checkAllScoresTennisGame3[22]" time="0"/>
  <testcase classname="TennisTest" name="checkAllScoresTennisGame1[23]" time="0"/>
  <testcase classname="TennisTest" name="checkAllScoresTennisGame2[23]" time="0"/>
  <testcase classname="TennisTest" name="checkAllScoresTennisGame3[23]" time="0"/>
  <testcase classname="TennisTest" name="checkAllScoresTennisGame1[24]" time="0"/>
  <testcase classname="TennisTest" name="checkAllScoresTennisGame2[24]" time="0"/>
  <testcase classname="TennisTest" name="checkAllScoresTennisGame3[24]" time="0"/>
  <testcase classname="TennisTest" name="checkAllScoresTennisGame1[25]" time="0"/>
  <testcase classname="TennisTest" name="checkAllScoresTennisGame2[25]" time="0"/>
  <testcase classname="TennisTest" name="checkAllScoresTennisGame3[25]" time="0"/>
  <testcase classname="TennisTest" name="checkAllScoresTennisGame1[26]" time="0"/>
  <testcase classname="TennisTest" name="checkAllScoresTennisGame2[26]" time="0"/>
  <testcase classname="TennisTest" name="checkAllScoresTennisGame3[26]" time="0"/>
  <testcase classname="TennisTest" name="checkAllScoresTennisGame1[27]" time="0"/>
  <testcase classname="TennisTest" name="checkAllScoresTennisGame2[27]" time="0"/>
  <testcase classname="TennisTest" name="checkAllScoresTennisGame3[27]" time="0"/>
  <testcase classname="TennisTest" name="checkAllScoresTennisGame1[28]" time="0"/>
  <testcase classname="TennisTest" name="checkAllScoresTennisGame2[28]" time="0"/>
  <testcase classname="TennisTest" name="checkAllScoresTennisGame3[28]" time="0"/>
  <testcase classname="TennisTest" name="checkAllScoresTennisGame1[29]" time="0"/>
  <testcase classname="TennisTest" name="checkAllScoresTennisGame2[29]" time="0.001"/>
  <testcase classname="TennisTest" name="checkAllScoresTennisGame3[29]" time="0"/>
  <testcase classname="TennisTest" name="checkAllScoresTennisGame1[30]" time="0"/>
  <testcase classname="TennisTest" name="checkAllScoresTennisGame2[30]" time="0"/>
  <testcase classname="TennisTest" name="checkAllScoresTennisGame3[30]" time="0"/>
  <testcase classname="TennisTest" name="checkAllScoresTennisGame1[31]" time="0"/>
  <testcase classname="TennisTest" name="checkAllScoresTennisGame2[31]" time="0"/>
  <testcase classname="TennisTest" name="checkAllScoresTennisGame3[31]" time="0"/>
  <testcase classname="TennisTest" name="checkAllScoresTennisGame1[32]" time="0"/>
  <testcase classname="TennisTest" name="checkAllScoresTennisGame2[32]" time="0"/>
  <testcase classname="TennisTest" name="checkAllScoresTennisGame3[32]" time="0.001"/>
</testsuite>